INFO:root:faces: 1 at 2024-02-09 13:26:32.615414
INFO:root:faces: 2 at 2024-02-09 13:26:41.912236
INFO:root:faces: 1 at 2024-02-09 13:26:42.012353
INFO:root:faces: 0 at 2024-02-09 13:26:46.772418
INFO:root:faces: 1 at 2024-02-09 13:26:47.323925
INFO:root:faces: 0 at 2024-02-09 13:26:47.422220
INFO:root:faces: 1 at 2024-02-09 13:26:47.734833
INFO:root:faces: 0 at 2024-02-09 13:26:48.259846
INFO:root:faces: 1 at 2024-02-09 13:26:48.347154
INFO:root:faces: 0 at 2024-02-09 13:26:48.968081
INFO:root:faces: 1 at 2024-02-09 13:26:49.069464
INFO:root:faces: 0 at 2024-02-09 13:26:49.659557
INFO:root:faces: 1 at 2024-02-09 13:26:49.762384
INFO:root:faces: 0 at 2024-02-09 13:26:49.867178
INFO:root:faces: 1 at 2024-02-09 13:26:50.425774
INFO:root:faces: 0 at 2024-02-09 13:26:50.525492
INFO:root:faces: 1 at 2024-02-09 13:26:50.621404
INFO:root:faces: 0 at 2024-02-09 13:26:50.827401
INFO:root:faces: 1 at 2024-02-09 13:26:51.517637
INFO:root:faces: 0 at 2024-02-09 13:26:51.629772
INFO:root:faces: 1 at 2024-02-09 13:26:51.844945
INFO:root:faces: 0 at 2024-02-09 13:26:53.609345
INFO:root:faces: 1 at 2024-02-09 13:26:54.870328
INFO:root:faces: 0 at 2024-02-09 13:26:54.971111
INFO:root:faces: 1 at 2024-02-09 13:26:55.182374
INFO:root:faces: 0 at 2024-02-09 13:26:55.808688
INFO:root:faces: 1 at 2024-02-09 13:26:56.114108
INFO:root:faces: 2 at 2024-02-09 13:26:56.217647
INFO:root:faces: 1 at 2024-02-09 13:26:56.331227
INFO:root:faces: 0 at 2024-02-09 13:26:56.454626
INFO:root:faces: 1 at 2024-02-09 13:26:56.667443
INFO:root:faces: 2 at 2024-02-09 13:26:56.874046
INFO:root:faces: 1 at 2024-02-09 13:26:56.980600
INFO:root:faces: 0 at 2024-02-09 13:26:57.186127
INFO:root:faces: 1 at 2024-02-09 13:26:58.457328
INFO:root:faces: 0 at 2024-02-09 13:26:58.565583
INFO:root:faces: 1 at 2024-02-09 13:26:58.764879
INFO:root:faces: 0 at 2024-02-09 13:26:58.866493
INFO:root:faces: 1 at 2024-02-09 13:27:02.871970
INFO:root:faces: 0 at 2024-02-09 13:27:02.976400
INFO:root:faces: 1 at 2024-02-09 13:27:03.185574
INFO:root:faces: 2 at 2024-02-09 13:27:03.416084
INFO:root:faces: 1 at 2024-02-09 13:27:03.528019
INFO:root:faces: 2 at 2024-02-09 13:27:04.135271
INFO:root:faces: 1 at 2024-02-09 13:27:04.238410
INFO:root:faces: 2 at 2024-02-09 13:27:05.930951
INFO:root:faces: 1 at 2024-02-09 13:27:06.033476
INFO:root:faces: 2 at 2024-02-09 13:27:08.381434
INFO:root:faces: 0 at 2024-02-09 13:27:08.488678
INFO:root:faces: 1 at 2024-02-09 13:27:08.798708
INFO:root:faces: 0 at 2024-02-09 13:27:09.004135
INFO:root:faces: 1 at 2024-02-09 13:27:12.099504
INFO:root:faces: 0 at 2024-02-09 13:27:12.613860
INFO:root:faces: 1 at 2024-02-09 13:27:14.370579
INFO:root:faces: 0 at 2024-02-09 13:27:14.473904
INFO:root:faces: 1 at 2024-02-09 13:27:22.605869
INFO:root:faces: 2 at 2024-02-09 13:27:29.415488
INFO:root:faces: 1 at 2024-02-09 13:27:29.518521
INFO:root:faces: 0 at 2024-02-09 13:27:49.431161
INFO:root:faces: 1 at 2024-02-09 13:27:49.538021
INFO:root:faces: 0 at 2024-02-09 13:27:49.753541
INFO:root:faces: 1 at 2024-02-09 13:27:51.247198
INFO:root:faces: 0 at 2024-02-09 13:27:52.128980
INFO:root:faces: 1 at 2024-02-09 13:27:52.230353
INFO:root:faces: 0 at 2024-02-09 13:27:52.327093
INFO:root:faces: 1 at 2024-02-09 13:27:53.910173
INFO:root:faces: 0 at 2024-02-09 13:27:54.022063
INFO:root:faces: 1 at 2024-02-09 13:27:54.536371
INFO:root:faces: 0 at 2024-02-09 13:27:54.639152
INFO:root:faces: 1 at 2024-02-09 13:27:54.748417
INFO:root:faces: 0 at 2024-02-09 13:27:54.847985
INFO:root:faces: 1 at 2024-02-09 13:27:55.063814
INFO:root:faces: 0 at 2024-02-09 13:27:59.324658
INFO:root:faces: 1 at 2024-02-09 13:28:01.081753
INFO:root:faces: 0 at 2024-02-09 13:28:01.187414
INFO:root:faces: 1 at 2024-02-09 13:28:01.660609
INFO:root:faces: 0 at 2024-02-09 13:28:03.459504
INFO:root:faces: 1 at 2024-02-09 13:28:03.592024
INFO:root:faces: 0 at 2024-02-09 13:28:03.705962
INFO:root:faces: 1 at 2024-02-09 13:28:03.902721
INFO:root:faces: 2 at 2024-02-09 13:28:04.114183
INFO:root:faces: 1 at 2024-02-09 13:28:04.215988
INFO:root:faces: 0 at 2024-02-09 13:28:06.006920
INFO:root:faces: 1 at 2024-02-09 13:28:06.108965
INFO:root:faces: 0 at 2024-02-09 13:28:09.522921
INFO:root:faces: 1 at 2024-02-09 13:28:11.909029
INFO:root:faces: 0 at 2024-02-09 13:28:34.980417
INFO:root:faces: 1 at 2024-02-09 13:28:35.291703
INFO:root:faces: 0 at 2024-02-09 13:28:35.498736
INFO:root:faces: 1 at 2024-02-09 13:28:35.604339
INFO:root:faces: 0 at 2024-02-09 13:29:31.662540
INFO:root:faces: 1 at 2024-02-09 13:29:31.773212
INFO:root:faces: 0 at 2024-02-09 13:29:33.628421
INFO:root:faces: 1 at 2024-02-09 13:29:33.733448
INFO:root:faces: 0 at 2024-02-09 13:29:34.041409
INFO:root:faces: 1 at 2024-02-09 13:29:34.141166
INFO:root:faces: 0 at 2024-02-09 13:29:34.243664
INFO:root:faces: 1 at 2024-02-09 13:29:34.349104
INFO:root:faces: 0 at 2024-02-09 13:29:34.452899
INFO:root:faces: 1 at 2024-02-09 13:29:34.562588
INFO:root:faces: 0 at 2024-02-09 13:29:38.627878
INFO:root:faces: 1 at 2024-02-09 13:29:38.809723
INFO:root:faces: 0 at 2024-02-09 13:29:38.956676
INFO:root:faces: 1 at 2024-02-09 13:29:39.080422
INFO:root:faces: 0 at 2024-02-09 13:29:39.622867
INFO:root:faces: 1 at 2024-02-09 13:29:39.725044
INFO:root:faces: 0 at 2024-02-09 13:29:40.041627
INFO:root:faces: 1 at 2024-02-09 13:29:40.135692
INFO:root:faces: 0 at 2024-02-09 13:29:40.961895
INFO:root:faces: 1 at 2024-02-09 13:29:41.180656
INFO:root:faces: 0 at 2024-02-09 13:29:41.275601
INFO:root:faces: 1 at 2024-02-09 13:29:41.377326
INFO:root:faces: 0 at 2024-02-09 13:29:45.446418
INFO:root:faces: 1 at 2024-02-09 13:29:45.546596
INFO:root:faces: 0 at 2024-02-09 13:29:45.927999
INFO:root:faces: 1 at 2024-02-09 13:29:46.279437
INFO:root:faces: 0 at 2024-02-09 13:29:46.701923
INFO:root:faces: 1 at 2024-02-09 13:29:46.888462
INFO:root:faces: 0 at 2024-02-09 13:29:46.991595
INFO:root:faces: 1 at 2024-02-09 13:29:47.115567
INFO:root:faces: 0 at 2024-02-09 13:29:47.238654
INFO:root:faces: 1 at 2024-02-09 13:29:53.572713
INFO:root:faces: 0 at 2024-02-09 13:29:53.777278
INFO:root:faces: 1 at 2024-02-09 13:29:54.309890
INFO:root:faces: 0 at 2024-02-09 13:29:54.430762
INFO:root:faces: 1 at 2024-02-09 13:29:54.639963
INFO:root:faces: 0 at 2024-02-09 13:29:56.160625
INFO:root:faces: 1 at 2024-02-09 13:29:56.256234
INFO:root:faces: 0 at 2024-02-09 13:29:56.363350
INFO:root:faces: 1 at 2024-02-09 13:29:56.463258
INFO:root:faces: 2 at 2024-02-09 13:29:58.229875
INFO:root:faces: 0 at 2024-02-09 13:29:58.327158
INFO:root:faces: 1 at 2024-02-09 13:29:58.781695
INFO:root:faces: 0 at 2024-02-09 13:29:59.139590
INFO:root:faces: 1 at 2024-02-09 13:29:59.660843
INFO:root:faces: 0 at 2024-02-09 13:29:59.897034
INFO:root:faces: 1 at 2024-02-09 13:30:00.538887
INFO:root:faces: 0 at 2024-02-09 13:30:00.639753
INFO:root:faces: 1 at 2024-02-09 13:30:01.048405
INFO:root:faces: 0 at 2024-02-09 13:30:01.160163
INFO:root:faces: 1 at 2024-02-09 13:30:01.467356
INFO:root:faces: 0 at 2024-02-09 13:30:01.570301
INFO:root:faces: 1 at 2024-02-09 13:30:01.817091
INFO:root:faces: 0 at 2024-02-09 13:30:02.128746
INFO:root:faces: 1 at 2024-02-09 13:30:02.559903
INFO:root:faces: 0 at 2024-02-09 13:30:02.691928
INFO:root:faces: 1 at 2024-02-09 13:30:03.289630
INFO:root:faces: 0 at 2024-02-09 13:30:03.393893
INFO:root:faces: 1 at 2024-02-09 13:30:06.425472
INFO:root:faces: 0 at 2024-02-09 13:30:06.530927
INFO:root:faces: 1 at 2024-02-09 13:30:07.595052
INFO:root:faces: 0 at 2024-02-09 13:30:07.697686
INFO:root:faces: 1 at 2024-02-09 13:30:07.902383
INFO:root:faces: 0 at 2024-02-09 13:30:08.111115
INFO:root:faces: 1 at 2024-02-09 13:30:08.214077
INFO:root:faces: 1 at 2024-02-09 13:36:02.400740
INFO:root:faces: 2 at 2024-02-09 13:36:06.489628
INFO:root:faces: 1 at 2024-02-09 13:36:06.589515
INFO:root:faces: 2 at 2024-02-09 13:36:07.931043
INFO:root:faces: 1 at 2024-02-09 13:36:08.040527
INFO:root:faces: 2 at 2024-02-09 13:36:08.452526
INFO:root:faces: 1 at 2024-02-09 13:36:08.664076
INFO:root:faces: 2 at 2024-02-09 13:36:09.589751
INFO:root:faces: 1 at 2024-02-09 13:36:09.693901
INFO:root:faces: 2 at 2024-02-09 13:36:10.724773
INFO:root:faces: 1 at 2024-02-09 13:36:10.829553
INFO:root:faces: 1 at 2024-02-09 13:39:36.714161
INFO:root:faces: 2 at 2024-02-09 13:39:38.751964
INFO:root:faces: 1 at 2024-02-09 13:39:38.853944
INFO:root:faces: 2 at 2024-02-09 13:39:40.059104
INFO:root:faces: 1 at 2024-02-09 13:39:40.156137
INFO:root:faces: 2 at 2024-02-09 13:39:42.332664
INFO:root:faces: 1 at 2024-02-09 13:39:42.433849
INFO:root:faces: 1 at 2024-02-10 11:21:01.304971
INFO:root:faces: 0 at 2024-02-10 11:21:01.482723
INFO:root:faces: 2 at 2024-02-10 11:21:03.182049
INFO:root:faces: 1 at 2024-02-10 11:21:03.317646
INFO:root:faces: 0 at 2024-02-10 11:21:03.457535
INFO:root:faces: 1 at 2024-02-10 11:21:03.733862
INFO:root:faces: 0 at 2024-02-10 11:21:04.007259
INFO:root:faces: 1 at 2024-02-10 11:21:05.272644
INFO:root:faces: 0 at 2024-02-10 11:21:05.412097
INFO:root:faces: 1 at 2024-02-10 11:21:05.724381
INFO:root:faces: 0 at 2024-02-10 11:21:05.939974
INFO:root:faces: 1 at 2024-02-10 11:21:06.084115
INFO:root:faces: 0 at 2024-02-10 11:21:06.370622
INFO:root:faces: 1 at 2024-02-10 11:21:06.515024
INFO:root:faces: 1 at 2024-02-10 11:21:43.152102
INFO:root:faces: 0 at 2024-02-10 11:21:43.449372
INFO:root:faces: 1 at 2024-02-10 11:21:43.582262
INFO:root:faces: 0 at 2024-02-10 11:21:43.749890
INFO:root:faces: 1 at 2024-02-10 11:21:43.869557
INFO:root:faces: 0 at 2024-02-10 11:21:44.268404
INFO:root:faces: 1 at 2024-02-10 11:21:44.405867
INFO:root:faces: 0 at 2024-02-10 11:21:44.681982
INFO:root:faces: 1 at 2024-02-10 11:21:45.092838
INFO:root:faces: 0 at 2024-02-10 11:21:45.231408
INFO:root:faces: 1 at 2024-02-10 11:21:46.200427
INFO:root:faces: 0 at 2024-02-10 11:21:46.334677
INFO:root:faces: 1 at 2024-02-10 11:21:46.747659
INFO:root:faces: 0 at 2024-02-10 11:21:46.863106
INFO:root:faces: 1 at 2024-02-10 11:21:48.643033
INFO:root:faces: 0 at 2024-02-10 11:21:49.060013
INFO:root:faces: 1 at 2024-02-10 11:21:50.124283
INFO:root:faces: 0 at 2024-02-10 11:21:50.538799
INFO:root:faces: 1 at 2024-02-10 11:21:52.741196
INFO:root:faces: 0 at 2024-02-10 11:21:52.856844
INFO:root:faces: 1 at 2024-02-10 11:21:53.262168
INFO:root:faces: 0 at 2024-02-10 11:21:53.396955
INFO:root:faces: 1 at 2024-02-10 11:21:53.676956
INFO:root:faces: 2 at 2024-02-10 11:21:54.093134
INFO:root:faces: 1 at 2024-02-10 11:21:54.241712
INFO:root:faces: 0 at 2024-02-10 11:21:54.372022
INFO:root:faces: 1 at 2024-02-10 11:21:54.915089
INFO:root:faces: 0 at 2024-02-10 11:21:55.056267
INFO:root:faces: 1 at 2024-02-10 11:21:56.738765
INFO:root:faces: 3 at 2024-02-10 11:21:56.855318
INFO:root:faces: 2 at 2024-02-10 11:21:56.997764
INFO:root:faces: 0 at 2024-02-10 11:21:57.126756
INFO:root:faces: 1 at 2024-02-10 11:21:57.953365
INFO:root:faces: 0 at 2024-02-10 11:21:58.085207
INFO:root:faces: 1 at 2024-02-10 11:21:58.670653
INFO:root:faces: 0 at 2024-02-10 11:21:58.807182
INFO:root:faces: 2 at 2024-02-10 11:24:22.589833
INFO:root:faces: 1 at 2024-02-10 11:24:22.906511
INFO:root:faces: 2 at 2024-02-10 11:24:23.074806
INFO:root:faces: 1 at 2024-02-10 11:24:23.290904
INFO:root:faces: 2 at 2024-02-10 11:24:23.472170
INFO:root:faces: 1 at 2024-02-10 11:24:23.661281
INFO:root:faces: 2 at 2024-02-10 11:24:24.692889
INFO:root:faces: 1 at 2024-02-10 11:24:25.037262
INFO:root:faces: 2 at 2024-02-10 11:24:25.379321
INFO:root:faces: 1 at 2024-02-10 11:24:25.724900
INFO:root:faces: 2 at 2024-02-10 11:24:26.240751
INFO:root:faces: 1 at 2024-02-10 11:24:26.588514
INFO:root:faces: 2 at 2024-02-10 11:24:27.103499
INFO:root:faces: 1 at 2024-02-10 11:24:27.792492
INFO:root:faces: 2 at 2024-02-10 11:24:27.964606
INFO:root:faces: 1 at 2024-02-10 11:24:28.136167
INFO:root:faces: 2 at 2024-02-10 11:24:28.446280
INFO:root:faces: 1 at 2024-02-10 11:24:28.792503
INFO:root:faces: 2 at 2024-02-10 11:24:29.311417
INFO:root:faces: 3 at 2024-02-10 11:24:29.479054
INFO:root:faces: 1 at 2024-02-10 11:24:29.651701
INFO:root:faces: 2 at 2024-02-10 11:24:30.001238
INFO:root:faces: 1 at 2024-02-10 11:24:30.170507
INFO:root:faces: 2 at 2024-02-10 11:24:30.515785
INFO:root:faces: 1 at 2024-02-10 11:24:31.031398
INFO:root:faces: 0 at 2024-02-10 11:24:32.722074
INFO:root:faces: 1 at 2024-02-10 11:24:32.893988
INFO:root:faces: 2 at 2024-02-10 11:24:33.237251
INFO:root:faces: 1 at 2024-02-10 11:24:33.587472
INFO:root:faces: 2 at 2024-02-10 11:24:34.800709
INFO:root:faces: 1 at 2024-02-10 11:24:34.966366
INFO:root:faces: 2 at 2024-02-10 11:24:35.285533
INFO:root:faces: 1 at 2024-02-10 11:24:35.447746
INFO:root:faces: 2 at 2024-02-10 11:24:59.901214
INFO:root:faces: 1 at 2024-02-10 11:25:00.257987
INFO:root:faces: 2 at 2024-02-10 11:25:00.435662
INFO:root:faces: 1 at 2024-02-10 11:25:00.784766
INFO:root:faces: 3 at 2024-02-10 11:25:01.308759
INFO:root:faces: 2 at 2024-02-10 11:25:01.472582
INFO:root:faces: 3 at 2024-02-10 11:25:01.790632
INFO:root:faces: 2 at 2024-02-10 11:25:01.960647
INFO:root:faces: 1 at 2024-02-10 11:25:02.306350
INFO:root:faces: 2 at 2024-02-10 11:25:02.824701
INFO:root:faces: 1 at 2024-02-10 11:25:02.994876
INFO:root:faces: 2 at 2024-02-10 11:25:03.338503
INFO:root:faces: 1 at 2024-02-10 11:25:03.513991
INFO:root:faces: 2 at 2024-02-10 11:25:03.861781
INFO:root:faces: 1 at 2024-02-10 11:25:04.034566
INFO:root:faces: 2 at 2024-02-10 11:25:04.194859
INFO:root:faces: 1 at 2024-02-10 11:25:04.547294
INFO:root:faces: 0 at 2024-02-10 11:25:05.239403
INFO:root:faces: 1 at 2024-02-10 11:25:05.741897
INFO:root:faces: 0 at 2024-02-10 11:25:06.096508
INFO:root:faces: 2 at 2024-02-10 11:25:06.619681
INFO:root:faces: 0 at 2024-02-10 11:25:06.777494
INFO:root:faces: 1 at 2024-02-10 11:25:06.946524
INFO:root:faces: 0 at 2024-02-10 11:25:07.120795
INFO:root:faces: 1 at 2024-02-10 11:25:07.294084
INFO:root:faces: 0 at 2024-02-10 11:25:07.616954
INFO:root:faces: 1 at 2024-02-10 11:25:07.783516
INFO:root:faces: 0 at 2024-02-10 11:25:07.956702
INFO:root:faces: 1 at 2024-02-10 11:25:08.640302
INFO:root:faces: 0 at 2024-02-10 11:25:08.807720
INFO:root:faces: 1 at 2024-02-10 11:25:08.977749
INFO:root:faces: 0 at 2024-02-10 11:25:09.153410
INFO:root:faces: 1 at 2024-02-10 11:25:17.317758
INFO:root:faces: 2 at 2024-02-10 11:25:19.256025
INFO:root:faces: 1 at 2024-02-10 11:25:19.951939
INFO:root:faces: 2 at 2024-02-10 11:25:22.243381
INFO:root:faces: 1 at 2024-02-10 11:25:22.415848
INFO:root:faces: 2 at 2024-02-10 11:25:22.752580
INFO:root:faces: 1 at 2024-02-10 11:25:22.929002
INFO:root:faces: 2 at 2024-02-10 11:25:23.441851
INFO:root:faces: 1 at 2024-02-10 11:25:23.788647
INFO:root:faces: 2 at 2024-02-10 11:25:24.478053
INFO:root:faces: 1 at 2024-02-10 11:25:24.648118
INFO:root:faces: 3 at 2024-02-10 11:25:25.002893
INFO:root:faces: 2 at 2024-02-10 11:25:25.166972
INFO:root:faces: 2 at 2024-02-10 11:26:40.437048
INFO:root:faces: 1 at 2024-02-10 11:26:40.731690
INFO:root:faces: 2 at 2024-02-10 11:26:41.113312
INFO:root:faces: 1 at 2024-02-10 11:26:41.459662
INFO:root:faces: 2 at 2024-02-10 11:26:43.206276
INFO:root:faces: 1 at 2024-02-10 11:26:43.369020
INFO:root:faces: 2 at 2024-02-10 11:26:43.525663
INFO:root:faces: 1 at 2024-02-10 11:26:43.689791
INFO:root:faces: 2 at 2024-02-10 11:26:44.039796
INFO:root:faces: 1 at 2024-02-10 11:26:44.205843
INFO:root:faces: 2 at 2024-02-10 11:26:44.377363
INFO:root:faces: 1 at 2024-02-10 11:26:44.554113
INFO:root:faces: 2 at 2024-02-10 11:26:45.255887
INFO:root:faces: 1 at 2024-02-10 11:26:53.839174
INFO:root:faces: 2 at 2024-02-10 11:26:54.714639
INFO:root:faces: 1 at 2024-02-10 11:26:55.073240
INFO:root:faces: 2 at 2024-02-10 11:26:55.594028
INFO:root:faces: 1 at 2024-02-10 11:26:55.745176
INFO:root:faces: 2 at 2024-02-10 11:26:56.435970
INFO:root:faces: 1 at 2024-02-10 11:26:56.586254
INFO:root:faces: 2 at 2024-02-10 11:26:59.436316
INFO:root:faces: 1 at 2024-02-10 11:26:59.606286
INFO:root:faces: 1 at 2024-02-10 11:31:49.710985
INFO:root:faces: 2 at 2024-02-10 11:31:50.229380
INFO:root:faces: 1 at 2024-02-10 11:31:50.414013
INFO:root:faces: 2 at 2024-02-10 11:31:50.708321
INFO:root:faces: 1 at 2024-02-10 11:31:51.042470
INFO:root:faces: 0 at 2024-02-10 11:31:51.201650
INFO:root:faces: 1 at 2024-02-10 11:31:51.381764
INFO:root:faces: 0 at 2024-02-10 11:31:51.550258
INFO:root:faces: 1 at 2024-02-10 11:31:51.721243
INFO:root:faces: 0 at 2024-02-10 11:31:53.107141
INFO:root:faces: 2 at 2024-02-10 11:31:53.398372
INFO:root:faces: 1 at 2024-02-10 11:31:53.543353
INFO:root:faces: 2 at 2024-02-10 11:31:53.953784
INFO:root:faces: 1 at 2024-02-10 11:31:56.666202
INFO:root:faces: 2 at 2024-02-10 11:31:57.155199
INFO:root:faces: 1 at 2024-02-10 11:31:57.493504
INFO:root:faces: 2 at 2024-02-10 11:31:57.672404
INFO:root:faces: 1 at 2024-02-10 11:31:58.357214
INFO:root:faces: 2 at 2024-02-10 11:31:58.530451
INFO:root:faces: 1 at 2024-02-10 11:31:58.702729
INFO:root:faces: 2 at 2024-02-10 11:31:58.875770
INFO:root:faces: 1 at 2024-02-10 11:32:00.429771
INFO:root:faces: 2 at 2024-02-10 11:32:00.769147
INFO:root:faces: 3 at 2024-02-10 11:32:02.108055
INFO:root:faces: 1 at 2024-02-10 11:32:02.261152
INFO:root:faces: 2 at 2024-02-10 11:32:02.445236
INFO:root:faces: 1 at 2024-02-10 11:32:02.594540
INFO:root:faces: 2 at 2024-02-10 11:32:03.057383
INFO:root:faces: 1 at 2024-02-10 11:32:03.398620
INFO:root:faces: 2 at 2024-02-10 11:32:03.578676
INFO:root:faces: 1 at 2024-02-10 11:32:03.748563
INFO:root:faces: 2 at 2024-02-10 11:32:06.366266
INFO:root:faces: 2 at 2024-02-10 11:44:25.264854
INFO:root:faces: 1 at 2024-02-10 11:44:26.234440
INFO:root:faces: 2 at 2024-02-10 11:44:26.450705
INFO:root:faces: 1 at 2024-02-10 11:44:28.510893
INFO:root:faces: 2 at 2024-02-10 11:44:28.683781
INFO:root:faces: 1 at 2024-02-10 11:44:32.119307
INFO:root:faces: 2 at 2024-02-10 11:44:32.302060
INFO:werkzeug:[31m[1mWARNING: This is a development server. Do not use it in a production deployment. Use a production WSGI server instead.[0m
 * Running on http://127.0.0.1:5000
INFO:werkzeug:[33mPress CTRL+C to quit[0m
INFO:werkzeug: * Restarting with stat
WARNING:werkzeug: * Debugger is active!
INFO:werkzeug: * Debugger PIN: 117-002-687
INFO:werkzeug:[31m[1mWARNING: This is a development server. Do not use it in a production deployment. Use a production WSGI server instead.[0m
 * Running on http://127.0.0.1:5000
INFO:werkzeug:[33mPress CTRL+C to quit[0m
INFO:werkzeug: * Restarting with stat
WARNING:werkzeug: * Debugger is active!
INFO:werkzeug: * Debugger PIN: 117-002-687
INFO:werkzeug:127.0.0.1 - - [10/Feb/2024 11:58:19] "GET /detect_faces HTTP/1.1" 200 -
INFO:werkzeug:127.0.0.1 - - [10/Feb/2024 11:58:30] "[31m[1mPOST /detect_faces HTTP/1.1[0m" 405 -
INFO:werkzeug:127.0.0.1 - - [10/Feb/2024 11:58:35] "GET /detect_faces HTTP/1.1" 200 -
INFO:werkzeug:[31m[1mWARNING: This is a development server. Do not use it in a production deployment. Use a production WSGI server instead.[0m
 * Running on http://127.0.0.1:5000
INFO:werkzeug:[33mPress CTRL+C to quit[0m
INFO:werkzeug: * Restarting with stat
WARNING:werkzeug: * Debugger is active!
INFO:werkzeug: * Debugger PIN: 117-002-687
INFO:werkzeug:127.0.0.1 - - [10/Feb/2024 12:05:50] "GET /detect_faces HTTP/1.1" 200 -
INFO:werkzeug:[31m[1mWARNING: This is a development server. Do not use it in a production deployment. Use a production WSGI server instead.[0m
 * Running on http://127.0.0.1:5000
INFO:werkzeug:[33mPress CTRL+C to quit[0m
INFO:werkzeug: * Restarting with stat
WARNING:werkzeug: * Debugger is active!
INFO:werkzeug: * Debugger PIN: 117-002-687
INFO:werkzeug:127.0.0.1 - - [10/Feb/2024 12:09:40] "POST /capture_image HTTP/1.1" 200 -
INFO:werkzeug:[31m[1mWARNING: This is a development server. Do not use it in a production deployment. Use a production WSGI server instead.[0m
 * Running on http://127.0.0.1:5000
INFO:werkzeug:[33mPress CTRL+C to quit[0m
INFO:werkzeug: * Restarting with stat
WARNING:werkzeug: * Debugger is active!
INFO:werkzeug: * Debugger PIN: 117-002-687
INFO:werkzeug:127.0.0.1 - - [10/Feb/2024 12:10:34] "POST /capture_image HTTP/1.1" 200 -
INFO:werkzeug:[31m[1mWARNING: This is a development server. Do not use it in a production deployment. Use a production WSGI server instead.[0m
 * Running on http://127.0.0.1:5000
INFO:werkzeug:[33mPress CTRL+C to quit[0m
INFO:werkzeug: * Restarting with stat
WARNING:werkzeug: * Debugger is active!
INFO:werkzeug: * Debugger PIN: 117-002-687
INFO:werkzeug:127.0.0.1 - - [10/Feb/2024 12:14:07] "[33mPOST /capture_image HTTP/1.1[0m" 404 -
INFO:werkzeug: * Detected change in '/Users/josephnma/PycharmProjects/payina-image-capture/snap-image.py', reloading
INFO:werkzeug: * Restarting with stat
WARNING:werkzeug: * Debugger is active!
INFO:werkzeug: * Debugger PIN: 117-002-687
INFO:werkzeug:127.0.0.1 - - [10/Feb/2024 12:16:38] "[33mPOST /capture_image HTTP/1.1[0m" 404 -
INFO:werkzeug:127.0.0.1 - - [10/Feb/2024 12:16:45] "[33mGET /capture_image HTTP/1.1[0m" 404 -
INFO:root:faces: 1 at 2024-02-10 12:17:52.331871
INFO:werkzeug:127.0.0.1 - - [10/Feb/2024 12:17:52] "[35m[1mGET /detect_faces HTTP/1.1[0m" 500 -
INFO:werkzeug:127.0.0.1 - - [10/Feb/2024 12:17:52] "GET /detect_faces?__debugger__=yes&cmd=resource&f=style.css HTTP/1.1" 200 -
INFO:root:faces: 1 at 2024-02-10 12:20:06.252569
INFO:root:faces: 2 at 2024-02-10 12:20:06.538664
INFO:root:faces: 1 at 2024-02-10 12:20:06.701665
INFO:root:faces: 2 at 2024-02-10 12:20:06.873669
INFO:root:faces: 1 at 2024-02-10 12:20:07.172755
INFO:root:faces: 2 at 2024-02-10 12:20:07.317877
INFO:root:faces: 1 at 2024-02-10 12:20:07.848871
INFO:root:faces: 2 at 2024-02-10 12:20:08.160860
INFO:root:faces: 1 at 2024-02-10 12:20:08.436219
INFO:root:faces: 2 at 2024-02-10 12:20:08.573270
INFO:root:faces: 1 at 2024-02-10 12:20:09.217526
INFO:root:faces: 2 at 2024-02-10 12:20:09.379365
INFO:root:faces: 1 at 2024-02-10 12:20:09.922912
INFO:werkzeug:[31m[1mWARNING: This is a development server. Do not use it in a production deployment. Use a production WSGI server instead.[0m
 * Running on http://127.0.0.1:5000
INFO:werkzeug:[33mPress CTRL+C to quit[0m
INFO:werkzeug: * Restarting with stat
WARNING:werkzeug: * Debugger is active!
INFO:werkzeug: * Debugger PIN: 117-002-687
INFO:root:faces: 2 at 2024-02-10 12:28:28.290681
INFO:werkzeug:127.0.0.1 - - [10/Feb/2024 12:28:28] "[35m[1mGET /detect_faces HTTP/1.1[0m" 500 -
INFO:root:faces: 2 at 2024-02-10 12:29:03.957279
INFO:root:faces: 3 at 2024-02-10 12:29:04.254107
INFO:root:faces: 2 at 2024-02-10 12:29:04.457713
INFO:root:faces: 1 at 2024-02-10 12:29:04.671852
INFO:root:faces: 2 at 2024-02-10 12:29:04.864800
INFO:root:faces: 3 at 2024-02-10 12:29:05.042093
INFO:root:faces: 2 at 2024-02-10 12:29:05.212060
INFO:root:faces: 1 at 2024-02-10 12:29:05.383479
INFO:root:faces: 2 at 2024-02-10 12:29:05.567210
INFO:root:faces: 1 at 2024-02-10 12:29:05.734932
INFO:root:faces: 3 at 2024-02-10 12:29:05.904079
INFO:root:faces: 2 at 2024-02-10 12:29:06.076095
INFO:root:faces: 4 at 2024-02-10 12:29:06.250266
INFO:root:faces: 2 at 2024-02-10 12:29:06.415489
INFO:root:faces: 1 at 2024-02-10 12:29:06.570883
INFO:root:faces: 0 at 2024-02-10 12:29:06.742651
INFO:root:faces: 1 at 2024-02-10 12:29:06.917109
INFO:root:faces: 0 at 2024-02-10 12:29:07.948461
INFO:root:faces: 3 at 2024-02-10 12:29:08.279970
INFO:root:faces: 2 at 2024-02-10 12:29:08.451374
